<?xml version="1.0" encoding="ISO-8859-1"?>
<!--

    Copyright (C) 2009 eXo Platform SAS.

    This is free software; you can redistribute it and/or modify it
    under the terms of the GNU Lesser General Public License as
    published by the Free Software Foundation; either version 2.1 of
    the License, or (at your option) any later version.

    This software is distributed in the hope that it will be useful,
    but WITHOUT ANY WARRANTY; without even the implied warranty of
    MERCHANTABILITY or FITNESS FOR A PARTICULAR PURPOSE. See the GNU
    Lesser General Public License for more details.

    You should have received a copy of the GNU Lesser General Public
    License along with this software; if not, write to the Free
    Software Foundation, Inc., 51 Franklin St, Fifth Floor, Boston, MA
    02110-1301 USA, or see the FSF site: http://www.fsf.org.

-->
<configuration
   xmlns:xsi="http://www.w3.org/2001/XMLSchema-instance"
   xsi:schemaLocation="http://www.exoplatform.org/xml/ns/kernel_1_2.xsd http://www.exoplatform.org/xml/ns/kernel_1_2.xsd"
   xmlns="http://www.exoplatform.org/xml/ns/kernel_1_2.xsd">
  
  <component>
    <key>org.exoplatform.commons.chromattic.ChromatticManager</key>
    <type>org.exoplatform.commons.chromattic.ChromatticManager</type>
  </component>
  
  <component>
     <key>org.jboss.cache.transaction.TransactionManagerLookup</key>
     <type>org.jboss.cache.transaction.JBossStandaloneJTAManagerLookup</type>
  </component>
  
  <component>
    <key>org.exoplatform.services.transaction.TransactionService</key>
    <type>org.exoplatform.services.transaction.jbosscache.JBossTransactionsService</type>
    <init-params>
      <value-param>
        <name>timeout</name>
        <value>300</value>
      </value-param>
    </init-params>
  </component>

  <component>
    <key>org.gatein.common.transaction.JTAUserTransactionLifecycleService</key>
    <type>org.gatein.common.transaction.JTAUserTransactionLifecycleServiceImpl</type>
  </component>

  <component>
    <key>org.exoplatform.portal.pom.data.ModelDataStorage</key>
    <type>org.exoplatform.portal.pom.config.POMDataStorage</type>
  </component>
  
  <external-component-plugins>
    <target-component>org.exoplatform.commons.chromattic.ChromatticManager</target-component>
    <component-plugin>
      <name>chromattic</name>
      <set-method>addLifeCycle</set-method>
      <type>org.exoplatform.wiki.service.impl.WikiChromatticLifeCycle</type>
      <init-params>
        <value-param>
          <name>domain-name</name>
          <value>wiki</value>
        </value-param>
        <value-param>
          <name>workspace-name</name>
          <value>collaboration</value>
        </value-param>
        <values-param>
          <name>entities</name>
          <value>org.exoplatform.wiki.mow.core.api.WikiStoreImpl</value>
          <value>org.exoplatform.wiki.mow.core.api.wiki.PortalWiki</value>
          <value>org.exoplatform.wiki.mow.core.api.wiki.PortalWikiContainer</value>
          <value>org.exoplatform.wiki.mow.core.api.wiki.GroupWiki</value>
          <value>org.exoplatform.wiki.mow.core.api.wiki.GroupWikiContainer</value>
          <value>org.exoplatform.wiki.mow.core.api.wiki.UserWiki</value>
          <value>org.exoplatform.wiki.mow.core.api.wiki.UserWikiContainer</value>
          <value>org.exoplatform.wiki.mow.core.api.content.ParagraphImpl</value>
          <value>org.exoplatform.wiki.mow.core.api.content.MarkupImpl</value>
          <value>org.exoplatform.wiki.mow.core.api.content.WikiLink</value>
          <value>org.chromattic.ext.ntdef.NTFile</value>
          <value>org.chromattic.ext.ntdef.NTResource</value>
          <value>org.exoplatform.wiki.chromattic.ext.ntdef.NTVersionHistory</value>
          <value>org.exoplatform.wiki.chromattic.ext.ntdef.NTVersion</value>
          <value>org.exoplatform.wiki.chromattic.ext.ntdef.NTVersionLabels</value>
          <value>org.exoplatform.wiki.chromattic.ext.ntdef.NTFrozenNode</value>
          <value>org.exoplatform.wiki.chromattic.ext.ntdef.VersionableMixin</value>
          <value>org.exoplatform.wiki.mow.core.api.content.AnnotationImpl</value>
        </values-param>
        <!--<properties-param>
          <name>options</name>
          <property name="org.chromattic.api.Option.root_node.path" value="/production"/>
          <property name="org.chromattic.api.Option.root_node.create" value="true"/>
        </properties-param>
      --></init-params>
    </component-plugin>
  </external-component-plugins>
  
  <external-component-plugins>
    <target-component>org.exoplatform.commons.chromattic.ChromatticManager</target-component>
    <component-plugin>
      <name>chromattic</name>
      <set-method>addLifeCycle</set-method>
      <type>org.exoplatform.commons.chromattic.ChromatticLifeCycle</type>
      <init-params>
        <value-param>
          <name>domain-name</name>
          <value>autologin</value>
        </value-param>
        <value-param>
          <name>workspace-name</name>
          <value>portal-test</value>
        </value-param>
        <values-param>
          <name>entities</name>
          <value>org.exoplatform.web.security.security.TokenContainer</value>
          <value>org.exoplatform.web.security.security.TokenEntry</value>
        </values-param>
      </init-params>
    </component-plugin>
  </external-component-plugins>

  <external-component-plugins>
    <target-component>org.exoplatform.commons.chromattic.ChromatticManager</target-component>
    <component-plugin>
      <name>chromattic</name>
      <set-method>addLifeCycle</set-method>
      <type>org.exoplatform.commons.chromattic.ChromatticLifeCycle</type>
      <init-params>
        <value-param>
          <name>domain-name</name>
          <value>remindpwd</value>
        </value-param>
        <value-param>
          <name>workspace-name</name>
          <value>portal-test</value>
        </value-param>
        <values-param>
          <name>entities</name>
          <value>org.exoplatform.web.security.security.TokenContainer</value>
          <value>org.exoplatform.web.security.security.TokenEntry</value>
        </values-param>
      </init-params>
    </component-plugin>
  </external-component-plugins>

  
  <external-component-plugins>
    <target-component>org.exoplatform.commons.chromattic.ChromatticManager</target-component>
    <component-plugin>
      <name>chromattic</name>
      <set-method>addLifeCycle</set-method>
      <type>org.exoplatform.portal.pom.config.MOPChromatticLifeCycle</type>
      <init-params>
        <value-param>
          <name>domain-name</name>
          <value>mop</value>
        </value-param>
        <value-param>
          <name>workspace-name</name>
          <value>portal-test</value>
        </value-param>
        <values-param>
          <name>entities</name>

          <!-- The MOP node types -->
          <value>org.gatein.mop.core.api.workspace.WorkspaceImpl</value>
          <value>org.gatein.mop.core.api.workspace.UIContainerImpl</value>
          <value>org.gatein.mop.core.api.workspace.UIWindowImpl</value>
          <value>org.gatein.mop.core.api.workspace.UIBodyImpl</value>
          <value>org.gatein.mop.core.api.workspace.PageImpl</value>
          <value>org.gatein.mop.core.api.workspace.PageContainer</value>
          <value>org.gatein.mop.core.api.workspace.NavigationImpl</value>
          <value>org.gatein.mop.core.api.workspace.NavigationContainer</value>
          <value>org.gatein.mop.core.api.workspace.PageLinkImpl</value>
          <value>org.gatein.mop.core.api.workspace.URLLinkImpl</value>
          <value>org.gatein.mop.core.api.workspace.PortalSiteContainer</value>
          <value>org.gatein.mop.core.api.workspace.PortalSite</value>
          <value>org.gatein.mop.core.api.workspace.GroupSiteContainer</value>
          <value>org.gatein.mop.core.api.workspace.GroupSite</value>
          <value>org.gatein.mop.core.api.workspace.UserSiteContainer</value>
          <value>org.gatein.mop.core.api.workspace.UserSite</value>
          <value>org.gatein.mop.core.api.workspace.TemplatizedImpl</value>
          <value>org.gatein.mop.core.api.AttributesImpl</value>
          <value>org.gatein.mop.core.api.Attribute</value>
          <value>org.gatein.mop.core.api.PathAttribute</value>
          <value>org.gatein.mop.core.api.StringAttribute</value>
          <value>org.gatein.mop.core.api.BooleanAttribute</value>
          <value>org.gatein.mop.core.api.IntegerAttribute</value>
          <value>org.gatein.mop.core.api.DateAttribute</value>
          <value>org.gatein.mop.core.api.workspace.content.CustomizationContainer</value>
          <value>org.gatein.mop.core.api.workspace.content.ContextTypeContainer</value>
          <value>org.gatein.mop.core.api.workspace.content.ContextType</value>
          <value>org.gatein.mop.core.api.workspace.content.ContextSpecialization</value>
          <value>org.gatein.mop.core.api.workspace.content.WorkspaceClone</value>
          <value>org.gatein.mop.core.api.workspace.content.WorkspaceSpecialization</value>
          <value>org.exoplatform.portal.mop.redirects.Redirectable</value>
          <value>org.exoplatform.portal.mop.redirects.Redirect</value>
          <value>org.exoplatform.portal.mop.redirects.Mappings</value>
          <!-- GateIn node types -->
          <value>org.exoplatform.portal.pom.spi.portlet.PortletState</value>
          <value>org.exoplatform.portal.pom.spi.portlet.PreferenceState</value>
          <value>org.exoplatform.portal.pom.spi.gadget.GadgetState</value>
          <value>org.exoplatform.portal.pom.spi.wsrp.WSRPState</value>
          <value>org.exoplatform.portal.mop.ProtectedResource</value>
          <value>org.exoplatform.portal.mop.Described</value>
          <value>org.exoplatform.portal.mop.Visible</value>
          <value>org.exoplatform.portal.mop.i18n.I18Nized</value>
          <value>org.exoplatform.portal.mop.i18n.LanguageSpace</value>
          <value>org.exoplatform.portal.mop.i18n.Language</value>
          <value>org.exoplatform.portal.mop.importer.Imported</value>

          <!-- For the unit test purpose -->
          <value>org.exoplatform.portal.config.SampleMixin</value>
        </values-param>
      </init-params>
    </component-plugin>
  </external-component-plugins>

  <component>
    <key>org.exoplatform.portal.pom.config.POMSessionManager</key>
    <type>org.exoplatform.portal.pom.config.POMSessionManager</type>
  </component>
  
  <component>
    <key>org.exoplatform.portal.mop.page.PageService</key>
    <type>org.exoplatform.portal.mop.page.PageServiceWrapper</type>
  </component>

  <component>
    <key>org.exoplatform.portal.config.UserPortalConfigService</key>
    <type>org.exoplatform.wiki.resolver.MockUserPortalConfigService</type>
  </component>

  <component>
    <key>org.exoplatform.portal.config.UserACL</key>
    <type>org.exoplatform.wiki.mock.MockUserACL</type>
    <init-params>
    </init-params>
  </component>
  
  <component>
    <key>org.exoplatform.services.jcr.config.RepositoryServiceConfiguration</key>
    <type>org.exoplatform.services.jcr.impl.config.RepositoryServiceConfigurationImpl</type>
    <init-params>
      <value-param>
        <name>conf-path</name>
        <description>JCR configuration file</description>
        <value>repository-configuration.xml</value>
      </value-param>
    </init-params>
  </component>

  <component>
    <key>org.exoplatform.portal.config.DataStorage</key>
    <type>org.exoplatform.wiki.mock.MockDataStorage</type>
  </component>

  <component>
    <key>org.exoplatform.portal.mop.navigation.NavigationService</key>
    <type>org.exoplatform.wiki.mock.MockNavigationService</type>
  </component>

  <component>
    <key>org.exoplatform.portal.mop.description.DescriptionService</key>
    <type>org.exoplatform.wiki.mock.MockDescriptionService</type>
  </component>

  <component>
    <key>org.exoplatform.services.organization.OrganizationService</key>
    <type>org.exoplatform.services.organization.hibernate.OrganizationServiceImpl</type>
  </component>


  <component>
    <key>org.exoplatform.services.security.Authenticator</key>
    <type>org.exoplatform.services.organization.auth.OrganizationAuthenticatorImpl</type>
  </component>


  
  <external-component-plugins>
    <target-component>org.exoplatform.services.database.HibernateService</target-component>
    <component-plugin>
      <name>add.hibernate.mapping</name>
      <set-method>addPlugin</set-method>
      <type>org.exoplatform.services.database.impl.AddHibernateMappingPlugin</type>
      <init-params>
        <values-param>
          <name>hibernate.mapping</name>
          <value>org/exoplatform/services/organization/impl/UserImpl.hbm.xml</value>
          <value>org/exoplatform/services/organization/impl/MembershipImpl.hbm.xml</value>
          <value>org/exoplatform/services/organization/impl/GroupImpl.hbm.xml</value>
          <value>org/exoplatform/services/organization/impl/MembershipTypeImpl.hbm.xml</value>
          <value>org/exoplatform/services/organization/impl/UserProfileData.hbm.xml</value>
        </values-param>
      </init-params>
    </component-plugin>
  </external-component-plugins>

  
  

  
  <!-- The section for configuring data for user/group -->
  <external-component-plugins>
    <target-component>org.exoplatform.services.organization.OrganizationService</target-component>
    <component-plugin>
      <name>ecm.new.group.event.listener</name>
      <set-method>addListenerPlugin</set-method>
      <type>org.exoplatform.services.jcr.ext.hierarchy.impl.NewGroupListener</type>
      <description>description</description>
      <init-params>
        <object-param>
          <name>configuration></name>
          <description>description</description>
          <object type="org.exoplatform.services.jcr.ext.hierarchy.impl.HierarchyConfig">
            <field  name="jcrPaths">
              <collection type="java.util.ArrayList">
                <value>               
                  <object type="org.exoplatform.services.jcr.ext.hierarchy.impl.HierarchyConfig$JcrPath">                 
                    <field name="alias"><string>groupApplicationData</string></field>
                    <field name="path"><string>ApplicationData</string></field>
                    <field name="nodeType"><string>nt:unstructured</string></field>
                    <field name="permissions">
                      <collection type="java.util.ArrayList">               
                        <value>                            
                          <object type="org.exoplatform.services.jcr.ext.hierarchy.impl.HierarchyConfig$Permission">             
                            <field name="identity"><string>*:/platform/administrators</string></field>
                            <field name="read"><string>true</string></field>                
                            <field name="addNode"><string>true</string></field>                
                            <field name="setProperty"><string>true</string></field>                
                            <field name="remove"><string>true</string></field>                
                          </object>  
                        </value>                        
                      </collection>
                    </field>                                           
                  </object>
                </value>                                                           
              </collection>
            </field>            
          </object>
        </object-param>
      </init-params> 
    </component-plugin>
    
    <component-plugin>
      <name>ecm.new.user.event.listener</name>
      <set-method>addListenerPlugin</set-method>
      <type>org.exoplatform.services.jcr.ext.hierarchy.impl.NewUserListener</type>
      <description>description</description>
      <init-params>
        <object-param>
          <name>configuration</name>
          <description>description</description>
          <object type="org.exoplatform.services.jcr.ext.hierarchy.impl.HierarchyConfig">
            <field  name="jcrPaths">
              <collection type="java.util.ArrayList">
                <value>               
                  <object type="org.exoplatform.services.jcr.ext.hierarchy.impl.HierarchyConfig$JcrPath">                 
                    <field name="alias"><string>userApplicationData</string></field>
                    <field name="path"><string>ApplicationData</string></field>
                    <field name="nodeType"><string>nt:unstructured</string></field>
                    <field name="permissions">
                      <collection type="java.util.ArrayList">               
                        <value>                            
                          <object type="org.exoplatform.services.jcr.ext.hierarchy.impl.HierarchyConfig$Permission">             
                            <field name="identity"><string>*:/platform/administrators</string></field>
                            <field name="read"><string>true</string></field>                
                            <field name="addNode"><string>true</string></field>                
                            <field name="setProperty"><string>true</string></field>                
                            <field name="remove"><string>true</string></field>                
                          </object>  
                        </value>                        
                      </collection>
                    </field>                                           
                  </object>
                </value>                
              </collection>
            </field>            
          </object>
        </object-param>
      </init-params>
    </component-plugin>
  </external-component-plugins>
  
  <external-component-plugins>
    <target-component>org.exoplatform.services.jcr.ext.hierarchy.NodeHierarchyCreator</target-component>
    <component-plugin>
      <name>addPaths</name>
      <set-method>addPlugin</set-method>
      <type>org.exoplatform.services.jcr.ext.hierarchy.impl.AddPathPlugin</type>
      <init-params>
        <object-param>
          <name>cms.configuration</name>
          <description>configuration for the cms path</description>
          <object type="org.exoplatform.services.jcr.ext.hierarchy.impl.HierarchyConfig">
            <field name="workspaces">
              <collection type="java.util.ArrayList">
                <value><string>collaboration</string></value> 
              </collection>
            </field>
            <field  name="jcrPaths">
              <collection type="java.util.ArrayList">
                <value>
                  <object type="org.exoplatform.services.jcr.ext.hierarchy.impl.HierarchyConfig$JcrPath">
                    <field  name="alias"><string>eXoApplications</string></field>
                    <field  name="path"><string>/exo:applications</string></field>
                    <field name="permissions">
                      <collection type="java.util.ArrayList">
                        <value>
                          <object type="org.exoplatform.services.jcr.ext.hierarchy.impl.HierarchyConfig$Permission">
                            <field name="identity"><string>*:/platform/administrators</string></field>
                            <field name="read"><string>true</string></field>
                            <field name="addNode"><string>true</string></field>
                            <field name="setProperty"><string>true</string></field>
                            <field name="remove"><string>true</string></field>
                          </object>
                        </value>
                      </collection>
                    </field>
                  </object>
                </value>
                <!-- value>
                  <object type="org.exoplatform.services.jcr.ext.hierarchy.impl.HierarchyConfig$JcrPath">
                    <field  name="alias"><string>portalWiki</string></field>
                    <field  name="path"><string>/exo:applications/eXoWiki</string></field>
                    <field name="permissions">
                      <collection type="java.util.ArrayList">
                        <value>
                          <object type="org.exoplatform.services.jcr.ext.hierarchy.impl.HierarchyConfig$Permission">
                            <field name="identity"><string>*:/platform/administrators</string></field>
                            <field name="read"><string>true</string></field>
                            <field name="addNode"><string>true</string></field>
                            <field name="setProperty"><string>true</string></field>
                            <field name="remove"><string>true</string></field>
                          </object>
                        </value>
                      </collection>
                    </field>
                  </object>
                </value>
                <value>
                  <object type="org.exoplatform.services.jcr.ext.hierarchy.impl.HierarchyConfig$JcrPath">
                    <field  name="alias"><string>portalWikis</string></field>
                    <field  name="path"><string>/exo:applications/eXoWiki/wikis</string></field>
                    <field name="permissions">
                      <collection type="java.util.ArrayList">
                        <value>
                          <object type="org.exoplatform.services.jcr.ext.hierarchy.impl.HierarchyConfig$Permission">
                            <field name="identity"><string>*:/platform/administrators</string></field>
                            <field name="read"><string>true</string></field>
                            <field name="addNode"><string>true</string></field>
                            <field name="setProperty"><string>true</string></field>
                            <field name="remove"><string>true</string></field>
                          </object>
                        </value>
                      </collection>
                    </field>
                  </object>
                </value-->
                <value>
                  <object type="org.exoplatform.services.jcr.ext.hierarchy.impl.HierarchyConfig$JcrPath">
                    <field  name="alias"><string>usersPath</string></field>
                    <field  name="path"><string>/Users</string></field>
                    <field name="permissions">
                      <collection type="java.util.ArrayList">
                        <value>
                          <object type="org.exoplatform.services.jcr.ext.hierarchy.impl.HierarchyConfig$Permission">
                            <field name="identity"><string>*:/platform/administrators</string></field>
                            <field name="read"><string>true</string></field>
                            <field name="addNode"><string>true</string></field>
                            <field name="setProperty"><string>true</string></field>
                            <field name="remove"><string>true</string></field>
                          </object>
                        </value>
                        <value>
                          <object type="org.exoplatform.services.jcr.ext.hierarchy.impl.HierarchyConfig$Permission">
                            <field name="identity"><string>any</string></field>
                            <field name="read"><string>true</string></field>
                            <field name="addNode"><string>false</string></field>
                            <field name="setProperty"><string>true</string></field>
                            <field name="remove"><string>false</string></field>
                          </object>
                        </value>
                      </collection>
                    </field>
                  </object>
                </value>
                <value>
                  <object type="org.exoplatform.services.jcr.ext.hierarchy.impl.HierarchyConfig$JcrPath">
                    <field  name="alias"><string>groupsPath</string></field>
                    <field  name="path"><string>/Groups</string></field>
                    <field name="permissions">
                      <collection type="java.util.ArrayList">
                        <value>
                          <object type="org.exoplatform.services.jcr.ext.hierarchy.impl.HierarchyConfig$Permission">
                            <field name="identity"><string>*:/platform/administrators</string></field>
                            <field name="read"><string>true</string></field>
                            <field name="addNode"><string>true</string></field>
                            <field name="setProperty"><string>true</string></field>
                            <field name="remove"><string>true</string></field>
                          </object>
                        </value>
                        <value>
                          <object type="org.exoplatform.services.jcr.ext.hierarchy.impl.HierarchyConfig$Permission">
                            <field name="identity"><string>any</string></field>
                            <field name="read"><string>true</string></field>
                            <field name="addNode"><string>false</string></field>
                            <field name="setProperty"><string>true</string></field>
                            <field name="remove"><string>false</string></field>
                          </object>
                        </value>
                      </collection>
                    </field>
                  </object>
                </value>
                <value>
                  <object type="org.exoplatform.services.jcr.ext.hierarchy.impl.HierarchyConfig$JcrPath">
                    <field  name="alias"><string>groupApplicationData</string></field>
                    <field  name="path"><string>ApplicationData</string></field>
                    <field name="permissions">
                      <collection type="java.util.ArrayList">
                        <value>
                          <object type="org.exoplatform.services.jcr.ext.hierarchy.impl.HierarchyConfig$Permission">
                            <field name="identity"><string>*:/platform/administrators</string></field>
                            <field name="read"><string>true</string></field>
                            <field name="addNode"><string>true</string></field>
                            <field name="setProperty"><string>true</string></field>
                            <field name="remove"><string>true</string></field>
                          </object>
                        </value>
                      </collection>
                    </field>
                  </object>
                </value>
                <value>
                  <object type="org.exoplatform.services.jcr.ext.hierarchy.impl.HierarchyConfig$JcrPath">
                    <field  name="alias"><string>userApplicationData</string></field>
                    <field  name="path"><string>ApplicationData</string></field>
                    <field name="permissions">
                      <collection type="java.util.ArrayList">
                        <value>
                          <object type="org.exoplatform.services.jcr.ext.hierarchy.impl.HierarchyConfig$Permission">
                            <field name="identity"><string>*:/platform/administrators</string></field>
                            <field name="read"><string>true</string></field>
                            <field name="addNode"><string>true</string></field>
                            <field name="setProperty"><string>true</string></field>
                            <field name="remove"><string>true</string></field>
                          </object>
                        </value>
                      </collection>
                    </field>
                  </object>
                </value>
             </collection>
           </field>
         </object>
       </object-param>
     </init-params>
     </component-plugin>
  </external-component-plugins>

  <remove-configuration>org.exoplatform.services.cache.ExoCacheFactory</remove-configuration>
  <remove-configuration>org.exoplatform.services.scheduler.JobSchedulerService</remove-configuration>
</configuration>
